<?xml version="1.0" encoding="UTF-8"?>
<!-- Generated by org.testng.reporters.JUnitReportReporter -->
<testsuite hostname="BHAVESH" failures="0" tests="1" name="testcases.Register" time="63.863" errors="0" timestamp="2023-01-25T10:53:48 IST" skipped="0">
  <testcase classname="testcases.Register" name="createAcc" time="63.863"/>
  <system-out/>
</testsuite> <!-- testcases.Register -->
