<?xml version="1.0" encoding="UTF-8"?>
<!-- Generated by org.testng.reporters.JUnitReportReporter -->
<testsuite hostname="BHAVESH" failures="0" tests="7" name="testcases.SearchProduct" time="80.398" errors="0" timestamp="2023-01-24T20:41:02 IST" skipped="0">
  <testcase classname="testcases.SearchProduct" name="ValidUser" time="3.545"/>
  <system-out/>
  <testcase classname="testcases.SearchProduct" name="AddtoCart" time="19.986"/>
  <system-out/>
  <testcase classname="testcases.SearchProduct" name="ValidateProduct" time="9.065"/>
  <system-out/>
  <testcase classname="testcases.SearchProduct" name="ValidatePrice" time="19.865"/>
  <system-out/>
  <testcase classname="testcases.SearchProduct" name="Checkout" time="18.819"/>
  <system-out/>
  <testcase classname="testcases.SearchProduct" name="Placeorder" time="9.089"/>
  <system-out/>
  <testcase classname="testcases.SearchProduct" name="VerifyResponse" time="0.029"/>
  <system-out/>
</testsuite> <!-- testcases.SearchProduct -->
