<?xml version="1.0" encoding="UTF-8"?>
<!-- Generated by org.testng.reporters.JUnitReportReporter -->
<testsuite hostname="BHAVESH" failures="0" tests="2" name="testcases.InvalidLogin" time="3.895" errors="0" timestamp="2023-01-23T19:45:08 IST" skipped="1">
  <testcase classname="testcases.InvalidLogin" name="ValidUser" time="3.895"/>
  <system-out/>
  <testcase classname="testcases.InvalidLogin" name="InvalidUser">
    <skipped/>
  </testcase> <!-- InvalidUser -->
  <system-out/>
</testsuite> <!-- testcases.InvalidLogin -->
